#
# A fatal error has been detected by the Java Runtime Environment:
#
#  SIGSEGV (0xb) at pc=0x000000011d2e4e43, pid=22611, tid=41515
#
# JRE version: Java(TM) SE Runtime Environment (8.0_66-b17) (build 1.8.0_66-b17)
# Java VM: Java HotSpot(TM) 64-Bit Server VM (25.66-b17 mixed mode bsd-amd64 compressed oops)
# Problematic frame:
# C  [libawt_lwawt.dylib+0x1ae43]  OGLSD_SetScratchSurface+0x49
#
# Failed to write core dump. Core dumps have been disabled. To enable core dumping, try "ulimit -c unlimited" before starting Java again
#
# If you would like to submit a bug report, please visit:
#   http://bugreport.java.com/bugreport/crash.jsp
# The crash happened outside the Java Virtual Machine in native code.
# See problematic frame for where to report the bug.
#

---------------  T H R E A D  ---------------

Current thread (0x00007ff6d405d000):  JavaThread "Java2D Queue Flusher" daemon [_thread_in_native, id=41515, stack(0x00007000013d3000,0x00007000014d3000)]

siginfo: si_signo: 11 (SIGSEGV), si_code: 1 (SEGV_MAPERR), si_addr: 0x0000000000000002

Registers:
RAX=0x000000011d3053a2, RBX=0x0000000000000002, RCX=0x0000000000000047, RDX=0x000000011d3058ec
RSP=0x00007000014d26e0, RBP=0x00007000014d2700, RSI=0x00007ff6d37d51c0, RDI=0x00007ff6d405d1f8
R8 =0x0000000000000095, R9 =0x00007ff6d367b940, R10=0x0000000105e67e38, R11=0x0000000104ae8d77
R12=0x0000000000000000, R13=0x000000011a2522b8, R14=0x00007ff6d405d1f8, R15=0x00007ff6d405d000
RIP=0x000000011d2e4e43, EFLAGS=0x0000000000010202, ERR=0x0000000000000004
  TRAPNO=0x000000000000000e

Top of Stack: (sp=0x00007000014d26e0)
0x00007000014d26e0:   00007ff6d37d51c0 0000000000000000
0x00007000014d26f0:   00007ff6d38db010 00007ff6d405d000
0x00007000014d2700:   00007000014d2780 000000011d3053ca
0x00007000014d2710:   0000000000000000 00000001046ddde0
0x00007000014d2720:   0000000000000064 00007ff6d405d000
0x00007000014d2730:   0000000000000bad 0000000000000bad
0x00007000014d2740:   00007ff6d405d000 00007ff6d38db020
0x00007000014d2750:   00007ff60067b900 00007ff6d405d1f8
0x00007000014d2760:   000000011a2522b8 0000000000000000
0x00007000014d2770:   00007000014d2830 00007ff6d405d000
0x00007000014d2780:   00007000014d27f8 0000000105e67e64
0x00007000014d2790:   00007ff6d74b3b70 0000000000000002
0x00007000014d27a0:   00007000014d27c0 0000000000000064
0x00007000014d27b0:   00007ff6d5026b78 00007000014d27b8
0x00007000014d27c0:   0000000000000000 00007000014d2830
0x00007000014d27d0:   000000011a2533c0 0000000000000000
0x00007000014d27e0:   000000011a2522b8 0000000000000000
0x00007000014d27f0:   00007000014d2840 00000000f2ede07b
0x00007000014d2800:   0000000106202144 0000000000000000
0x00007000014d2810:   0000000105e5e7d8 00007ff600000020
0x00007000014d2820:   00007ff6d38db000 00007ff6d367c000
0x00007000014d2830:   00000007976f03d8 0000000106202144
0x00007000014d2840:   00007ff6d405d000 0000000123ac4900
0x00007000014d2850:   00007000014d2830 00007ff6d405d000
0x00007000014d2860:   00007000014d28b0 00000001060e27a8
0x00007000014d2870:   0000000797602100 00007000014d28b8
0x00007000014d2880:   000000011a4b0d30 0000000000000000
0x00007000014d2890:   00000007976f03d8 0000000000000020
0x00007000014d28a0:   00007000014d28c0 00000000f2cc5816
0x00007000014d28b0:   00000000f2ede07b 00000001061b5184
0x00007000014d28c0:   00007000014d2960 00007ff600000000
0x00007000014d28d0:   0000000797602100 0000000105e73b87 

Instructions: (pc=0x000000011d2e4e43)
0x000000011d2e4e23:   c0 e9 82 00 00 00 48 8b 5e 10 48 85 db 75 0e bf
0x000000011d2e4e33:   01 00 00 00 48 8d 15 fd 75 03 00 eb d6 49 89 fe
0x000000011d2e4e43:   4c 8b 3b 30 c0 e8 c5 a2 02 00 49 8b 3f 49 89 c4
0x000000011d2e4e53:   48 8b 35 a6 f7 05 00 30 c0 e8 cb a3 02 00 48 85 

Register to memory mapping:

RAX=0x000000011d3053a2: Java_sun_java2d_opengl_OGLRenderQueue_flushBuffer+0x612 in /Users/Joe/Desktop/BlueJ 3.1.6/BlueJ.app/Contents/Frameworks/jdk.framework/Versions/A/Contents/Home/jre/lib/libawt_lwawt.dylib at 0x000000011d2ca000
RBX=0x0000000000000002 is an unknown value
RCX=0x0000000000000047 is an unknown value
RDX=0x000000011d3058ec: Java_sun_java2d_opengl_OGLRenderQueue_flushBuffer+0xb5c in /Users/Joe/Desktop/BlueJ 3.1.6/BlueJ.app/Contents/Frameworks/jdk.framework/Versions/A/Contents/Home/jre/lib/libawt_lwawt.dylib at 0x000000011d2ca000
RSP=0x00007000014d26e0 is pointing into the stack for thread: 0x00007ff6d405d000
RBP=0x00007000014d2700 is pointing into the stack for thread: 0x00007ff6d405d000
RSI=0x00007ff6d37d51c0 is an unknown value
RDI=0x00007ff6d405d1f8 is an unknown value
R8 =0x0000000000000095 is an unknown value
R9 =0x00007ff6d367b940 is an unknown value
R10=0x0000000105e67e38 is at code_begin+1528 in an Interpreter codelet
method entry point (kind = native)  [0x0000000105e67840, 0x0000000105e68760]  3872 bytes
R11=0x0000000104ae8d77: throw_unsatisfied_link_error+0 in /Users/Joe/Desktop/BlueJ 3.1.6/BlueJ.app/Contents/Frameworks/jdk.framework/Versions/A/Contents/Home/jre/lib/server/libjvm.dylib at 0x000000010460d000
R12=0x0000000000000000 is an unknown value
R13={method} {0x000000011a2522b8} 'flushBuffer' '(JI)V' in 'sun/java2d/opengl/OGLRenderQueue'
R14=0x00007ff6d405d1f8 is an unknown value
R15=0x00007ff6d405d000 is a thread


Stack: [0x00007000013d3000,0x00007000014d3000],  sp=0x00007000014d26e0,  free space=1021k
Native frames: (J=compiled Java code, j=interpreted, Vv=VM code, C=native code)
C  [libawt_lwawt.dylib+0x1ae43]  OGLSD_SetScratchSurface+0x49
C  [libawt_lwawt.dylib+0x3b3ca]  Java_sun_java2d_opengl_OGLRenderQueue_flushBuffer+0x63a
j  sun.java2d.opengl.OGLRenderQueue.flushBuffer(JI)V+0
J 1091 C1 sun.java2d.opengl.OGLRenderQueue.flushBuffer()V (41 bytes) @ 0x0000000106202144 [0x0000000106201ee0+0x264]
J 984% C2 sun.java2d.opengl.OGLRenderQueue$QueueFlusher.run()V (234 bytes) @ 0x00000001061b5184 [0x00000001061b4de0+0x3a4]
v  ~StubRoutines::call_stub
V  [libjvm.dylib+0x2ea35e]  JavaCalls::call_helper(JavaValue*, methodHandle*, JavaCallArguments*, Thread*)+0x6ae
V  [libjvm.dylib+0x2eaaec]  JavaCalls::call_virtual(JavaValue*, KlassHandle, Symbol*, Symbol*, JavaCallArguments*, Thread*)+0x164
V  [libjvm.dylib+0x2eac98]  JavaCalls::call_virtual(JavaValue*, Handle, KlassHandle, Symbol*, Symbol*, Thread*)+0x4a
V  [libjvm.dylib+0x345215]  thread_entry(JavaThread*, Thread*)+0x7c
V  [libjvm.dylib+0x560b83]  JavaThread::thread_main_inner()+0x9b
V  [libjvm.dylib+0x56227e]  JavaThread::run()+0x1c2
V  [libjvm.dylib+0x482cd6]  java_start(Thread*)+0xf6
C  [libsystem_pthread.dylib+0x399d]  _pthread_body+0x83
C  [libsystem_pthread.dylib+0x391a]  _pthread_body+0x0
C  [libsystem_pthread.dylib+0x1351]  thread_start+0xd
C  0x0000000000000000

Java frames: (J=compiled Java code, j=interpreted, Vv=VM code)
j  sun.java2d.opengl.OGLRenderQueue.flushBuffer(JI)V+0
J 1091 C1 sun.java2d.opengl.OGLRenderQueue.flushBuffer()V (41 bytes) @ 0x0000000106202144 [0x0000000106201ee0+0x264]
J 984% C2 sun.java2d.opengl.OGLRenderQueue$QueueFlusher.run()V (234 bytes) @ 0x00000001061b5184 [0x00000001061b4de0+0x3a4]
v  ~StubRoutines::call_stub

---------------  P R O C E S S  ---------------

Java Threads: ( => current thread )
  0x00007ff6d51a3000 JavaThread "main" [_thread_blocked, id=56607, stack(0x00007000014d6000,0x00007000015d6000)]
  0x00007ff6d515d000 JavaThread "TimerQueue" daemon [_thread_blocked, id=59931, stack(0x0000700001662000,0x0000700001762000)]
  0x00007ff6d3901800 JavaThread "Java2D Disposer" daemon [_thread_blocked, id=53763, stack(0x0000700001868000,0x0000700001968000)]
=>0x00007ff6d405d000 JavaThread "Java2D Queue Flusher" daemon [_thread_in_native, id=41515, stack(0x00007000013d3000,0x00007000014d3000)]
  0x00007ff6d4166800 JavaThread "DestroyJavaVM" [_thread_blocked, id=5891, stack(0x000070000011a000,0x000070000021a000)]
  0x00007ff6d4929800 JavaThread "BlueJ worker thread" [_thread_blocked, id=52227, stack(0x0000700001765000,0x0000700001865000)]
  0x00007ff6d513b000 JavaThread "AppKit Thread" daemon [_thread_in_native, id=2571, stack(0x00007fff5b06f000,0x00007fff5b86f000)]
  0x00007ff6d4067800 JavaThread "Service Thread" daemon [_thread_blocked, id=19971, stack(0x00007000010ca000,0x00007000011ca000)]
  0x00007ff6d481d800 JavaThread "C1 CompilerThread2" daemon [_thread_blocked, id=19459, stack(0x0000700000fc7000,0x00007000010c7000)]
  0x00007ff6d402b800 JavaThread "C2 CompilerThread1" daemon [_thread_blocked, id=18947, stack(0x0000700000ec4000,0x0000700000fc4000)]
  0x00007ff6d4029800 JavaThread "C2 CompilerThread0" daemon [_thread_blocked, id=18435, stack(0x0000700000dc1000,0x0000700000ec1000)]
  0x00007ff6d481d000 JavaThread "JDWP Command Reader" daemon [_thread_in_native, id=17923, stack(0x0000700000cbe000,0x0000700000dbe000)]
  0x00007ff6d5033800 JavaThread "JDWP Event Helper Thread" daemon [_thread_blocked, id=17411, stack(0x0000700000bbb000,0x0000700000cbb000)]
  0x00007ff6d5033000 JavaThread "JDWP Transport Listener: dt_socket" daemon [_thread_blocked, id=16899, stack(0x0000700000ab8000,0x0000700000bb8000)]
  0x00007ff6d4025800 JavaThread "Signal Dispatcher" daemon [_thread_blocked, id=13839, stack(0x00007000009b5000,0x0000700000ab5000)]
  0x00007ff6d480f000 JavaThread "Finalizer" daemon [_thread_blocked, id=12291, stack(0x000070000082f000,0x000070000092f000)]
  0x00007ff6d480e800 JavaThread "Reference Handler" daemon [_thread_blocked, id=11779, stack(0x000070000072c000,0x000070000082c000)]

Other Threads:
  0x00007ff6d5021800 VMThread [stack: 0x0000700000629000,0x0000700000729000] [id=11267]
  0x00007ff6d4822800 WatcherThread [stack: 0x00007000011cd000,0x00007000012cd000] [id=20483]

VM state:not at safepoint (normal execution)

VM Mutex/Monitor currently owned by a thread: None

Heap:
 PSYoungGen      total 38400K, used 6325K [0x0000000795580000, 0x0000000798000000, 0x00000007c0000000)
  eden space 33280K, 5% used [0x0000000795580000,0x00000007957200d8,0x0000000797600000)
  from space 5120K, 91% used [0x0000000797600000,0x0000000797a8d338,0x0000000797b00000)
  to   space 5120K, 0% used [0x0000000797b00000,0x0000000797b00000,0x0000000798000000)
 ParOldGen       total 87552K, used 16K [0x0000000740000000, 0x0000000745580000, 0x0000000795580000)
  object space 87552K, 0% used [0x0000000740000000,0x0000000740004000,0x0000000745580000)
 Metaspace       used 11528K, capacity 11802K, committed 12160K, reserved 1060864K
  class space    used 1396K, capacity 1554K, committed 1664K, reserved 1048576K

Card table byte_map: [0x000000011520b000,0x000000011560c000] byte_map_base: 0x000000011180b000

Marking Bits: (ParMarkBitMap*) 0x0000000104eeae20
 Begin Bits: [0x00000001158b7000, 0x00000001178b7000)
 End Bits:   [0x00000001178b7000, 0x00000001198b7000)

Polling page: 0x00000001055da000

CodeCache: size=245760Kb used=4069Kb max_used=4069Kb free=241690Kb
 bounds [0x0000000105e4b000, 0x000000010624b000, 0x0000000114e4b000]
 total_blobs=1645 nmethods=1154 adapters=412
 compilation: enabled

Compilation events (10 events):
Event: 44371.112 Thread 0x00007ff6d481d800 1192   !   3       java.lang.ref.ReferenceQueue::enqueue (119 bytes)
Event: 44371.112 Thread 0x00007ff6d481d800 nmethod 1192 0x00000001062458d0 code [0x0000000106245a80, 0x0000000106246268]
Event: 44371.112 Thread 0x00007ff6d481d800 1193       3       sun.misc.VM::addFinalRefCount (24 bytes)
Event: 44371.113 Thread 0x00007ff6d481d800 nmethod 1193 0x000000010623b450 code [0x000000010623b5c0, 0x000000010623b770]
Event: 44371.115 Thread 0x00007ff6d481d800 1194       3       java.lang.ref.ReferenceQueue::reallyPoll (66 bytes)
Event: 44371.116 Thread 0x00007ff6d481d800 nmethod 1194 0x0000000106246490 code [0x0000000106246620, 0x0000000106246ab0]
Event: 44371.116 Thread 0x00007ff6d481d800 1195       3       java.lang.ref.Reference::clear (6 bytes)
Event: 44371.116 Thread 0x00007ff6d481d800 nmethod 1195 0x0000000106246b90 code [0x0000000106246ce0, 0x0000000106246e50]
Event: 44371.116 Thread 0x00007ff6d481d800 1196       3       java.lang.ref.ReferenceQueue::remove (6 bytes)
Event: 44371.116 Thread 0x00007ff6d481d800 nmethod 1196 0x0000000106246ed0 code [0x0000000106247040, 0x0000000106247268]

GC Heap History (2 events):
Event: 44371.092 GC heap before
{Heap before GC invocations=1 (full 0):
 PSYoungGen      total 38400K, used 33280K [0x0000000795580000, 0x0000000798000000, 0x00000007c0000000)
  eden space 33280K, 100% used [0x0000000795580000,0x0000000797600000,0x0000000797600000)
  from space 5120K, 0% used [0x0000000797b00000,0x0000000797b00000,0x0000000798000000)
  to   space 5120K, 0% used [0x0000000797600000,0x0000000797600000,0x0000000797b00000)
 ParOldGen       total 87552K, used 0K [0x0000000740000000, 0x0000000745580000, 0x0000000795580000)
  object space 87552K, 0% used [0x0000000740000000,0x0000000740000000,0x0000000745580000)
 Metaspace       used 11524K, capacity 11802K, committed 12160K, reserved 1060864K
  class space    used 1396K, capacity 1554K, committed 1664K, reserved 1048576K
Event: 44371.110 GC heap after
Heap after GC invocations=1 (full 0):
 PSYoungGen      total 38400K, used 4660K [0x0000000795580000, 0x0000000798000000, 0x00000007c0000000)
  eden space 33280K, 0% used [0x0000000795580000,0x0000000795580000,0x0000000797600000)
  from space 5120K, 91% used [0x0000000797600000,0x0000000797a8d338,0x0000000797b00000)
  to   space 5120K, 0% used [0x0000000797b00000,0x0000000797b00000,0x0000000798000000)
 ParOldGen       total 87552K, used 16K [0x0000000740000000, 0x0000000745580000, 0x0000000795580000)
  object space 87552K, 0% used [0x0000000740000000,0x0000000740004000,0x0000000745580000)
 Metaspace       used 11524K, capacity 11802K, committed 12160K, reserved 1060864K
  class space    used 1396K, capacity 1554K, committed 1664K, reserved 1048576K
}

Deoptimization events (6 events):
Event: 180.715 Thread 0x00007ff6d39b3800 Uncommon trap: reason=class_check action=maybe_recompile pc=0x0000000105fc50f4 method=java.lang.String.equals(Ljava/lang/Object;)Z @ 8
Event: 180.715 Thread 0x00007ff6d39b3800 Uncommon trap: reason=class_check action=maybe_recompile pc=0x0000000105fc50f4 method=java.lang.String.equals(Ljava/lang/Object;)Z @ 8
Event: 180.715 Thread 0x00007ff6d39b3800 Uncommon trap: reason=class_check action=maybe_recompile pc=0x0000000105fc50f4 method=java.lang.String.equals(Ljava/lang/Object;)Z @ 8
Event: 180.715 Thread 0x00007ff6d39b3800 Uncommon trap: reason=class_check action=maybe_recompile pc=0x0000000105fc50f4 method=java.lang.String.equals(Ljava/lang/Object;)Z @ 8
Event: 17421.448 Thread 0x00007ff6d405d000 Uncommon trap: reason=unstable_if action=reinterpret pc=0x000000010619718c method=sun.java2d.opengl.OGLRenderQueue$QueueFlusher.run()V @ 22
Event: 31257.896 Thread 0x00007ff6d4929800 Uncommon trap: reason=unstable_if action=reinterpret pc=0x0000000106039ca4 method=java.lang.String.toLowerCase(Ljava/util/Locale;)Ljava/lang/String; @ 85

Internal exceptions (10 events):
Event: 0.436 Thread 0x00007ff6d4801000 Exception <a 'java/security/PrivilegedActionException'> (0x000000079583a218) thrown at [/HUDSON3/workspace/8-2-build-macosx-x86_64/jdk8u66/4988/hotspot/src/share/vm/prims/jvm.cpp, line 1386]
Event: 0.436 Thread 0x00007ff6d4801000 Exception <a 'java/security/PrivilegedActionException'> (0x000000079583a428) thrown at [/HUDSON3/workspace/8-2-build-macosx-x86_64/jdk8u66/4988/hotspot/src/share/vm/prims/jvm.cpp, line 1386]
Event: 0.460 Thread 0x00007ff6d4801000 Exception <a 'java/security/PrivilegedActionException'> (0x000000079588ef20) thrown at [/HUDSON3/workspace/8-2-build-macosx-x86_64/jdk8u66/4988/hotspot/src/share/vm/prims/jvm.cpp, line 1386]
Event: 0.461 Thread 0x00007ff6d4801000 Exception <a 'java/security/PrivilegedActionException'> (0x000000079588f130) thrown at [/HUDSON3/workspace/8-2-build-macosx-x86_64/jdk8u66/4988/hotspot/src/share/vm/prims/jvm.cpp, line 1386]
Event: 0.461 Thread 0x00007ff6d4801000 Exception <a 'java/security/PrivilegedActionException'> (0x0000000795894d18) thrown at [/HUDSON3/workspace/8-2-build-macosx-x86_64/jdk8u66/4988/hotspot/src/share/vm/prims/jvm.cpp, line 1386]
Event: 0.461 Thread 0x00007ff6d4801000 Exception <a 'java/security/PrivilegedActionException'> (0x0000000795894f28) thrown at [/HUDSON3/workspace/8-2-build-macosx-x86_64/jdk8u66/4988/hotspot/src/share/vm/prims/jvm.cpp, line 1386]
Event: 0.539 Thread 0x00007ff6d4801000 Exception <a 'java/lang/NoSuchFieldError': method resolution failed> (0x0000000795964208) thrown at [/HUDSON3/workspace/8-2-build-macosx-x86_64/jdk8u66/4988/hotspot/src/share/vm/prims/methodHandles.cpp, line 1146]
Event: 0.546 Thread 0x00007ff6d4801000 Exception <a 'java/lang/NoSuchFieldError': method resolution failed> (0x00000007959719f8) thrown at [/HUDSON3/workspace/8-2-build-macosx-x86_64/jdk8u66/4988/hotspot/src/share/vm/prims/methodHandles.cpp, line 1146]
Event: 0.726 Thread 0x00007ff6d4801000 Exception <a 'java/io/FileNotFoundException'> (0x00000007959eccb8) thrown at [/HUDSON3/workspace/8-2-build-macosx-x86_64/jdk8u66/4988/hotspot/src/share/vm/prims/jni.cpp, line 709]
Event: 0.726 Thread 0x00007ff6d4801000 Exception <a 'java/io/FileNotFoundException'> (0x00000007959ed9a0) thrown at [/HUDSON3/workspace/8-2-build-macosx-x86_64/jdk8u66/4988/hotspot/src/share/vm/prims/jni.cpp, line 709]

Events (10 events):
Event: 44371.113 Executing VM operation: RevokeBias
Event: 44371.113 Executing VM operation: RevokeBias done
Event: 44371.113 Executing VM operation: RevokeBias
Event: 44371.113 Executing VM operation: RevokeBias done
Event: 44371.114 Executing VM operation: RevokeBias
Event: 44371.114 Executing VM operation: RevokeBias done
Event: 44371.114 Executing VM operation: RevokeBias
Event: 44371.114 Executing VM operation: RevokeBias done
Event: 44371.114 Executing VM operation: BulkRevokeBias
Event: 44371.114 Executing VM operation: BulkRevokeBias done


Dynamic libraries:
0x00000000031e2000 	/System/Library/Frameworks/Cocoa.framework/Versions/A/Cocoa
0x00000000031e2000 	/System/Library/Frameworks/Security.framework/Versions/A/Security
0x00000000031e2000 	/System/Library/Frameworks/ApplicationServices.framework/Versions/A/ApplicationServices
0x00000000031e2000 	/usr/lib/libz.1.dylib
0x00000000031e2000 	/usr/lib/libSystem.B.dylib
0x00000000031e2000 	/usr/lib/libobjc.A.dylib
0x00000000031e2000 	/System/Library/Frameworks/CoreFoundation.framework/Versions/A/CoreFoundation
0x00000000031e2000 	/System/Library/Frameworks/Foundation.framework/Versions/C/Foundation
0x00000000031e2000 	/System/Library/Frameworks/AppKit.framework/Versions/C/AppKit
0x00000000031e2000 	/System/Library/Frameworks/CoreData.framework/Versions/A/CoreData
0x00000000031e2000 	/System/Library/PrivateFrameworks/RemoteViewServices.framework/Versions/A/RemoteViewServices
0x00000000031e2000 	/System/Library/PrivateFrameworks/UIFoundation.framework/Versions/A/UIFoundation
0x00000000031e2000 	/usr/lib/libScreenReader.dylib
0x00000000031e2000 	/System/Library/Frameworks/Accelerate.framework/Versions/A/Accelerate
0x00000000031e2000 	/System/Library/Frameworks/IOSurface.framework/Versions/A/IOSurface
0x00000000031e2000 	/System/Library/Frameworks/AudioToolbox.framework/Versions/A/AudioToolbox
0x00000000031e2000 	/System/Library/Frameworks/AudioUnit.framework/Versions/A/AudioUnit
0x00000000031e2000 	/System/Library/PrivateFrameworks/DataDetectorsCore.framework/Versions/A/DataDetectorsCore
0x00000000031e2000 	/System/Library/PrivateFrameworks/DesktopServicesPriv.framework/Versions/A/DesktopServicesPriv
0x00000000031e2000 	/System/Library/Frameworks/Carbon.framework/Versions/A/Frameworks/HIToolbox.framework/Versions/A/HIToolbox
0x00000000031e2000 	/System/Library/Frameworks/QuartzCore.framework/Versions/A/QuartzCore
0x00000000031e2000 	/System/Library/Frameworks/Carbon.framework/Versions/A/Frameworks/SpeechRecognition.framework/Versions/A/SpeechRecognition
0x00000000031e2000 	/usr/lib/libauto.dylib
0x00000000031e2000 	/usr/lib/libicucore.A.dylib
0x00000000031e2000 	/usr/lib/libxml2.2.dylib
0x00000000031e2000 	/System/Library/PrivateFrameworks/CoreUI.framework/Versions/A/CoreUI
0x00000000031e2000 	/System/Library/Frameworks/CoreAudio.framework/Versions/A/CoreAudio
0x00000000031e2000 	/System/Library/Frameworks/DiskArbitration.framework/Versions/A/DiskArbitration
0x00000000031e2000 	/usr/lib/liblangid.dylib
0x00000000031e2000 	/System/Library/PrivateFrameworks/MultitouchSupport.framework/Versions/A/MultitouchSupport
0x00000000031e2000 	/System/Library/Frameworks/IOKit.framework/Versions/A/IOKit
0x00000000031e2000 	/usr/lib/libDiagnosticMessagesClient.dylib
0x00000000031e2000 	/System/Library/Frameworks/CoreServices.framework/Versions/A/CoreServices
0x00000000031e2000 	/System/Library/PrivateFrameworks/PerformanceAnalysis.framework/Versions/A/PerformanceAnalysis
0x00000000031e2000 	/System/Library/PrivateFrameworks/GenerationalStorage.framework/Versions/A/GenerationalStorage
0x00000000031e2000 	/System/Library/Frameworks/OpenGL.framework/Versions/A/OpenGL
0x00000000031e2000 	/System/Library/PrivateFrameworks/Sharing.framework/Versions/A/Sharing
0x00000000031e2000 	/System/Library/Frameworks/CoreGraphics.framework/Versions/A/CoreGraphics
0x00000000031e2000 	/System/Library/Frameworks/CoreImage.framework/Versions/A/CoreImage
0x00000000031e2000 	/System/Library/Frameworks/CoreText.framework/Versions/A/CoreText
0x00000000031e2000 	/System/Library/Frameworks/ImageIO.framework/Versions/A/ImageIO
0x00000000031e2000 	/System/Library/PrivateFrameworks/Backup.framework/Versions/A/Backup
0x00000000031e2000 	/usr/lib/libextension.dylib
0x00000000031e2000 	/usr/lib/libarchive.2.dylib
0x00000000031e2000 	/System/Library/Frameworks/CFNetwork.framework/Versions/A/CFNetwork
0x00000000031e2000 	/System/Library/Frameworks/SystemConfiguration.framework/Versions/A/SystemConfiguration
0x00000000031e2000 	/usr/lib/libCRFSuite.dylib
0x00000000031e2000 	/usr/lib/libc++.1.dylib
0x00000000031e2000 	/usr/lib/libc++abi.dylib
0x00000000031e2000 	/usr/lib/system/libcache.dylib
0x00000000031e2000 	/usr/lib/system/libcommonCrypto.dylib
0x00000000031e2000 	/usr/lib/system/libcompiler_rt.dylib
0x00000000031e2000 	/usr/lib/system/libcopyfile.dylib
0x00000000031e2000 	/usr/lib/system/libcorecrypto.dylib
0x00000000031e2000 	/usr/lib/system/libdispatch.dylib
0x00000000031e2000 	/usr/lib/system/libdyld.dylib
0x00000000031e2000 	/usr/lib/system/libkeymgr.dylib
0x00000000031e2000 	/usr/lib/system/liblaunch.dylib
0x00000000031e2000 	/usr/lib/system/libmacho.dylib
0x00000000031e2000 	/usr/lib/system/libquarantine.dylib
0x00000000031e2000 	/usr/lib/system/libremovefile.dylib
0x00000000031e2000 	/usr/lib/system/libsystem_asl.dylib
0x00000000031e2000 	/usr/lib/system/libsystem_blocks.dylib
0x00000000031e2000 	/usr/lib/system/libsystem_c.dylib
0x00000000031e2000 	/usr/lib/system/libsystem_configuration.dylib
0x00000000031e2000 	/usr/lib/system/libsystem_coreservices.dylib
0x00000000031e2000 	/usr/lib/system/libsystem_coretls.dylib
0x00000000031e2000 	/usr/lib/system/libsystem_dnssd.dylib
0x00000000031e2000 	/usr/lib/system/libsystem_info.dylib
0x00000000031e2000 	/usr/lib/system/libsystem_kernel.dylib
0x00000000031e2000 	/usr/lib/system/libsystem_m.dylib
0x00000000031e2000 	/usr/lib/system/libsystem_malloc.dylib
0x00000000031e2000 	/usr/lib/system/libsystem_network.dylib
0x00000000031e2000 	/usr/lib/system/libsystem_networkextension.dylib
0x00000000031e2000 	/usr/lib/system/libsystem_notify.dylib
0x00000000031e2000 	/usr/lib/system/libsystem_platform.dylib
0x00000000031e2000 	/usr/lib/system/libsystem_pthread.dylib
0x00000000031e2000 	/usr/lib/system/libsystem_sandbox.dylib
0x00000000031e2000 	/usr/lib/system/libsystem_secinit.dylib
0x00000000031e2000 	/usr/lib/system/libsystem_trace.dylib
0x00000000031e2000 	/usr/lib/system/libunc.dylib
0x00000000031e2000 	/usr/lib/system/libunwind.dylib
0x00000000031e2000 	/usr/lib/system/libxpc.dylib
0x00000000031e2000 	/usr/lib/libenergytrace.dylib
0x00000000031e2000 	/usr/lib/libbsm.0.dylib
0x00000000031e2000 	/usr/lib/system/libkxld.dylib
0x00000000031e2000 	/usr/lib/libxar.1.dylib
0x00000000031e2000 	/usr/lib/libsqlite3.dylib
0x00000000031e2000 	/usr/lib/libpam.2.dylib
0x00000000031e2000 	/usr/lib/libOpenScriptingUtil.dylib
0x00000000031e2000 	/usr/lib/libbz2.1.0.dylib
0x00000000031e2000 	/usr/lib/liblzma.5.dylib
0x00000000031e2000 	/System/Library/Frameworks/CoreServices.framework/Versions/A/Frameworks/FSEvents.framework/Versions/A/FSEvents
0x00000000031e2000 	/System/Library/Frameworks/CoreServices.framework/Versions/A/Frameworks/CarbonCore.framework/Versions/A/CarbonCore
0x00000000031e2000 	/System/Library/Frameworks/CoreServices.framework/Versions/A/Frameworks/Metadata.framework/Versions/A/Metadata
0x00000000031e2000 	/System/Library/Frameworks/CoreServices.framework/Versions/A/Frameworks/OSServices.framework/Versions/A/OSServices
0x00000000031e2000 	/System/Library/Frameworks/CoreServices.framework/Versions/A/Frameworks/SearchKit.framework/Versions/A/SearchKit
0x00000000031e2000 	/System/Library/Frameworks/CoreServices.framework/Versions/A/Frameworks/AE.framework/Versions/A/AE
0x00000000031e2000 	/System/Library/Frameworks/CoreServices.framework/Versions/A/Frameworks/LaunchServices.framework/Versions/A/LaunchServices
0x00000000031e2000 	/System/Library/Frameworks/CoreServices.framework/Versions/A/Frameworks/DictionaryServices.framework/Versions/A/DictionaryServices
0x00000000031e2000 	/System/Library/Frameworks/CoreServices.framework/Versions/A/Frameworks/SharedFileList.framework/Versions/A/SharedFileList
0x00000000031e2000 	/System/Library/Frameworks/NetFS.framework/Versions/A/NetFS
0x00000000031e2000 	/System/Library/PrivateFrameworks/NetAuth.framework/Versions/A/NetAuth
0x00000000031e2000 	/System/Library/PrivateFrameworks/login.framework/Versions/A/Frameworks/loginsupport.framework/Versions/A/loginsupport
0x00000000031e2000 	/System/Library/PrivateFrameworks/TCC.framework/Versions/A/TCC
0x00000000031e2000 	/usr/lib/libmecabra.dylib
0x00000000031e2000 	/System/Library/Frameworks/ApplicationServices.framework/Versions/A/Frameworks/ATS.framework/Versions/A/ATS
0x00000000031e2000 	/System/Library/Frameworks/ApplicationServices.framework/Versions/A/Frameworks/ColorSync.framework/Versions/A/ColorSync
0x00000000031e2000 	/System/Library/Frameworks/ApplicationServices.framework/Versions/A/Frameworks/HIServices.framework/Versions/A/HIServices
0x00000000031e2000 	/System/Library/Frameworks/ApplicationServices.framework/Versions/A/Frameworks/LangAnalysis.framework/Versions/A/LangAnalysis
0x00000000031e2000 	/System/Library/Frameworks/ApplicationServices.framework/Versions/A/Frameworks/PrintCore.framework/Versions/A/PrintCore
0x00000000031e2000 	/System/Library/Frameworks/ApplicationServices.framework/Versions/A/Frameworks/QD.framework/Versions/A/QD
0x00000000031e2000 	/System/Library/Frameworks/ApplicationServices.framework/Versions/A/Frameworks/SpeechSynthesis.framework/Versions/A/SpeechSynthesis
0x00000000031e2000 	/System/Library/Frameworks/Metal.framework/Versions/A/Metal
0x00000000031e2000 	/System/Library/Frameworks/Accelerate.framework/Versions/A/Frameworks/vImage.framework/Versions/A/vImage
0x00000000031e2000 	/System/Library/Frameworks/Accelerate.framework/Versions/A/Frameworks/vecLib.framework/Versions/A/vecLib
0x00000000031e2000 	/System/Library/Frameworks/Accelerate.framework/Versions/A/Frameworks/vecLib.framework/Versions/A/libvDSP.dylib
0x00000000031e2000 	/System/Library/Frameworks/Accelerate.framework/Versions/A/Frameworks/vecLib.framework/Versions/A/libvMisc.dylib
0x00000000031e2000 	/System/Library/Frameworks/Accelerate.framework/Versions/A/Frameworks/vecLib.framework/Versions/A/libLAPACK.dylib
0x00000000031e2000 	/System/Library/Frameworks/Accelerate.framework/Versions/A/Frameworks/vecLib.framework/Versions/A/libBLAS.dylib
0x00000000031e2000 	/System/Library/Frameworks/Accelerate.framework/Versions/A/Frameworks/vecLib.framework/Versions/A/libLinearAlgebra.dylib
0x00000000031e2000 	/System/Library/Frameworks/Accelerate.framework/Versions/A/Frameworks/vecLib.framework/Versions/A/libSparseBLAS.dylib
0x00000000031e2000 	/System/Library/PrivateFrameworks/GPUCompiler.framework/libmetal_timestamp.dylib
0x00000000031e2000 	/System/Library/Frameworks/OpenGL.framework/Versions/A/Libraries/libCoreFSCache.dylib
0x00000000031e2000 	/System/Library/PrivateFrameworks/IOAccelerator.framework/Versions/A/IOAccelerator
0x00000000031e2000 	/System/Library/Frameworks/ApplicationServices.framework/Versions/A/Frameworks/ATS.framework/Versions/A/Resources/libFontParser.dylib
0x00000000031e2000 	/System/Library/Frameworks/ApplicationServices.framework/Versions/A/Frameworks/ATS.framework/Versions/A/Resources/libFontRegistry.dylib
0x00000000031e2000 	/System/Library/PrivateFrameworks/AppleVPA.framework/Versions/A/AppleVPA
0x00000000031e2000 	/System/Library/PrivateFrameworks/AppleJPEG.framework/Versions/A/AppleJPEG
0x00000000031e2000 	/System/Library/Frameworks/ImageIO.framework/Versions/A/Resources/libJPEG.dylib
0x00000000031e2000 	/System/Library/Frameworks/ImageIO.framework/Versions/A/Resources/libTIFF.dylib
0x00000000031e2000 	/System/Library/Frameworks/ImageIO.framework/Versions/A/Resources/libPng.dylib
0x00000000031e2000 	/System/Library/Frameworks/ImageIO.framework/Versions/A/Resources/libGIF.dylib
0x00000000031e2000 	/System/Library/Frameworks/ImageIO.framework/Versions/A/Resources/libJP2.dylib
0x00000000031e2000 	/System/Library/Frameworks/ImageIO.framework/Versions/A/Resources/libRadiance.dylib
0x00000000031e2000 	/System/Library/Frameworks/CoreVideo.framework/Versions/A/CoreVideo
0x00000000031e2000 	/System/Library/Frameworks/OpenGL.framework/Versions/A/Libraries/libGLU.dylib
0x00000000031e2000 	/System/Library/Frameworks/OpenGL.framework/Versions/A/Libraries/libGFXShared.dylib
0x00000000031e2000 	/System/Library/Frameworks/OpenGL.framework/Versions/A/Libraries/libGL.dylib
0x00000000031e2000 	/System/Library/Frameworks/OpenGL.framework/Versions/A/Libraries/libGLImage.dylib
0x00000000031e2000 	/System/Library/Frameworks/OpenGL.framework/Versions/A/Libraries/libCVMSPluginSupport.dylib
0x00000000031e2000 	/System/Library/Frameworks/OpenGL.framework/Versions/A/Libraries/libCoreVMClient.dylib
0x00000000031e2000 	/usr/lib/libcompression.dylib
0x00000000031e2000 	/usr/lib/libcups.2.dylib
0x00000000031e2000 	/System/Library/Frameworks/Kerberos.framework/Versions/A/Kerberos
0x00000000031e2000 	/System/Library/Frameworks/GSS.framework/Versions/A/GSS
0x00000000031e2000 	/usr/lib/libresolv.9.dylib
0x00000000031e2000 	/usr/lib/libiconv.2.dylib
0x00000000031e2000 	/System/Library/PrivateFrameworks/Heimdal.framework/Versions/A/Heimdal
0x00000000031e2000 	/usr/lib/libheimdal-asn1.dylib
0x00000000031e2000 	/System/Library/Frameworks/OpenDirectory.framework/Versions/A/OpenDirectory
0x00000000031e2000 	/System/Library/PrivateFrameworks/CommonAuth.framework/Versions/A/CommonAuth
0x00000000031e2000 	/System/Library/Frameworks/OpenDirectory.framework/Versions/A/Frameworks/CFOpenDirectory.framework/Versions/A/CFOpenDirectory
0x00000000031e2000 	/System/Library/Frameworks/SecurityFoundation.framework/Versions/A/SecurityFoundation
0x00000000031e2000 	/System/Library/PrivateFrameworks/LanguageModeling.framework/Versions/A/LanguageModeling
0x00000000031e2000 	/usr/lib/libmarisa.dylib
0x00000000031e2000 	/usr/lib/libChineseTokenizer.dylib
0x00000000031e2000 	/usr/lib/libcmph.dylib
0x00000000031e2000 	/System/Library/Frameworks/ServiceManagement.framework/Versions/A/ServiceManagement
0x00000000031e2000 	/usr/lib/libxslt.1.dylib
0x00000000031e2000 	/System/Library/Frameworks/Carbon.framework/Versions/A/Frameworks/Ink.framework/Versions/A/Ink
0x00000000031e2000 	/usr/lib/libFosl_dynamic.dylib
0x00000000031e2000 	/System/Library/PrivateFrameworks/FaceCore.framework/Versions/A/FaceCore
0x00000000031e2000 	/System/Library/Frameworks/OpenCL.framework/Versions/A/OpenCL
0x00000000031e2000 	/System/Library/PrivateFrameworks/CrashReporterSupport.framework/Versions/A/CrashReporterSupport
0x00000000031e2000 	/System/Library/PrivateFrameworks/IconServices.framework/Versions/A/IconServices
0x00000000031e2000 	/System/Library/PrivateFrameworks/Apple80211.framework/Versions/A/Apple80211
0x00000000031e2000 	/System/Library/Frameworks/CoreWLAN.framework/Versions/A/CoreWLAN
0x00000000031e2000 	/System/Library/Frameworks/IOBluetooth.framework/Versions/A/IOBluetooth
0x00000000031e2000 	/System/Library/PrivateFrameworks/CoreWiFi.framework/Versions/A/CoreWiFi
0x00000000031e2000 	/System/Library/Frameworks/CoreBluetooth.framework/Versions/A/CoreBluetooth
0x00000000031e2000 	/System/Library/PrivateFrameworks/ChunkingLibrary.framework/Versions/A/ChunkingLibrary
0x00000000031e2000 	/System/Library/PrivateFrameworks/DebugSymbols.framework/Versions/A/DebugSymbols
0x00000000031e2000 	/System/Library/PrivateFrameworks/CoreSymbolication.framework/Versions/A/CoreSymbolication
0x00000000031e2000 	/System/Library/PrivateFrameworks/Symbolication.framework/Versions/A/Symbolication
0x00000000031e2000 	/System/Library/PrivateFrameworks/SpeechRecognitionCore.framework/Versions/A/SpeechRecognitionCore
0x000000010460d000 	/Users/Joe/Desktop/BlueJ 3.1.6/BlueJ.app/Contents/Frameworks/jdk.framework/Versions/A/Contents/Home/jre/lib/server/libjvm.dylib
0x00000000031e2000 	/usr/lib/libstdc++.6.dylib
0x0000000105597000 	/Users/Joe/Desktop/BlueJ 3.1.6/BlueJ.app/Contents/Frameworks/jdk.framework/Versions/A/Contents/Home/jre/lib/libverify.dylib
0x00000001055a5000 	/Users/Joe/Desktop/BlueJ 3.1.6/BlueJ.app/Contents/Frameworks/jdk.framework/Versions/A/Contents/Home/jre/lib/libjava.dylib
0x0000000105e00000 	/Users/Joe/Desktop/BlueJ 3.1.6/BlueJ.app/Contents/Frameworks/jdk.framework/Versions/A/Contents/Home/jre/lib/libjdwp.dylib
0x00000001055db000 	/Users/Joe/Desktop/BlueJ 3.1.6/BlueJ.app/Contents/Frameworks/jdk.framework/Versions/A/Contents/Home/jre/lib/libnpt.dylib
0x00000001055e8000 	/Users/Joe/Desktop/BlueJ 3.1.6/BlueJ.app/Contents/Frameworks/jdk.framework/Versions/A/Contents/Home/jre/lib/libzip.dylib
0x000000011b7ad000 	/System/Library/Frameworks/JavaVM.framework/Frameworks/JavaRuntimeSupport.framework/JavaRuntimeSupport
0x000000011b7c8000 	/System/Library/Frameworks/JavaVM.framework/Versions/A/Frameworks/JavaNativeFoundation.framework/Versions/A/JavaNativeFoundation
0x00000001055f2000 	/System/Library/Frameworks/JavaVM.framework/Versions/A/JavaVM
0x00000000031e2000 	/System/Library/Frameworks/Carbon.framework/Versions/A/Carbon
0x000000011b7dd000 	/System/Library/PrivateFrameworks/JavaLaunching.framework/Versions/A/JavaLaunching
0x00000000031e2000 	/System/Library/Frameworks/Carbon.framework/Versions/A/Frameworks/CommonPanels.framework/Versions/A/CommonPanels
0x00000000031e2000 	/System/Library/Frameworks/Carbon.framework/Versions/A/Frameworks/Help.framework/Versions/A/Help
0x00000000031e2000 	/System/Library/Frameworks/Carbon.framework/Versions/A/Frameworks/ImageCapture.framework/Versions/A/ImageCapture
0x00000000031e2000 	/System/Library/Frameworks/Carbon.framework/Versions/A/Frameworks/OpenScripting.framework/Versions/A/OpenScripting
0x00000000031e2000 	/System/Library/Frameworks/Carbon.framework/Versions/A/Frameworks/Print.framework/Versions/A/Print
0x00000000031e2000 	/System/Library/Frameworks/Carbon.framework/Versions/A/Frameworks/SecurityHI.framework/Versions/A/SecurityHI
0x000000011d100000 	/Users/Joe/Desktop/BlueJ 3.1.6/BlueJ.app/Contents/Frameworks/jdk.framework/Versions/A/Contents/Home/jre/lib/libdt_socket.dylib
0x000000011d156000 	/Users/Joe/Desktop/BlueJ 3.1.6/BlueJ.app/Contents/Frameworks/jdk.framework/Versions/A/Contents/Home/jre/lib/libawt.dylib
0x000000011d1fe000 	/Users/Joe/Desktop/BlueJ 3.1.6/BlueJ.app/Contents/Frameworks/jdk.framework/Versions/A/Contents/Home/jre/lib/./libmlib_image.dylib
0x000000011d2ca000 	/Users/Joe/Desktop/BlueJ 3.1.6/BlueJ.app/Contents/Frameworks/jdk.framework/Versions/A/Contents/Home/jre/lib/libawt_lwawt.dylib
0x000000011d37f000 	/Users/Joe/Desktop/BlueJ 3.1.6/BlueJ.app/Contents/Frameworks/jdk.framework/Versions/A/Contents/Home/jre/lib/./libosxapp.dylib
0x00000000031e2000 	/System/Library/Frameworks/ExceptionHandling.framework/Versions/A/ExceptionHandling
0x00000000031e2000 	/System/Library/PrivateFrameworks/CoreServicesInternal.framework/Versions/A/CoreServicesInternal
0x00000000031e2000 	/System/Library/CoreServices/RawCamera.bundle/Contents/MacOS/RawCamera
0x00000000031e2000 	/System/Library/Frameworks/CoreGraphics.framework/Versions/A/Resources/libRIP.A.dylib
0x00000000031e2000 	/System/Library/Frameworks/Accelerate.framework/Versions/A/Frameworks/vImage.framework/Versions/A/Libraries/libCGInterfaces.dylib
0x00000000031e2000 	/System/Library/Frameworks/CoreGraphics.framework/Versions/A/Resources/libCGXType.A.dylib
0x00000000031e2000 	/System/Library/Frameworks/OpenCL.framework/Versions/A/Libraries/libcldcpuengine.dylib
0x00000000031e2000 	/System/Library/PrivateFrameworks/DiskImages.framework/Versions/A/DiskImages
0x00000000031e2000 	/System/Library/Frameworks/DiscRecording.framework/Versions/A/DiscRecording
0x00000000031e2000 	/usr/lib/libcsfde.dylib
0x00000000031e2000 	/usr/lib/libcurl.4.dylib
0x00000000031e2000 	/System/Library/PrivateFrameworks/MediaKit.framework/Versions/A/MediaKit
0x00000000031e2000 	/System/Library/PrivateFrameworks/ProtectedCloudStorage.framework/Versions/A/ProtectedCloudStorage
0x00000000031e2000 	/usr/lib/libCoreStorage.dylib
0x00000000031e2000 	/System/Library/PrivateFrameworks/EFILogin.framework/Versions/A/EFILogin
0x00000000031e2000 	/usr/lib/libutil.dylib
0x00000000031e2000 	/System/Library/PrivateFrameworks/FindMyDevice.framework/Versions/A/FindMyDevice
0x00000000031e2000 	/System/Library/Frameworks/LDAP.framework/Versions/A/LDAP
0x00000000031e2000 	/usr/lib/libsasl2.2.dylib
0x00000000031e2000 	/System/Library/PrivateFrameworks/CoreDaemon.framework/Versions/B/CoreDaemon
0x00000000031e2000 	/usr/lib/libcrypto.0.9.8.dylib
0x00000000031e2000 	/System/Library/PrivateFrameworks/AppleSRP.framework/Versions/A/AppleSRP
0x00000000031e2000 	/System/Library/PrivateFrameworks/TrustEvaluationAgent.framework/Versions/A/TrustEvaluationAgent
0x000000011ee3b000 	cl_kernels
0x00000000031e2000 	/System/Library/Frameworks/OpenCL.framework/Versions/A/Libraries/ImageFormats/unorm8_bgra.dylib
0x00000000031e2000 	/System/Library/Frameworks/OpenCL.framework/Versions/A/Libraries/ImageFormats/unorm8_rgba.dylib
0x00000000031e2000 	/System/Library/PrivateFrameworks/FamilyControls.framework/Versions/A/FamilyControls
0x00000000031e2000 	/System/Library/PrivateFrameworks/CommerceKit.framework/Versions/A/Frameworks/CommerceCore.framework/Versions/A/CommerceCore
0x00000000031e2000 	/System/Library/PrivateFrameworks/SystemAdministration.framework/Versions/A/SystemAdministration
0x00000000031e2000 	/System/Library/PrivateFrameworks/AppContainer.framework/Versions/A/AppContainer
0x00000000031e2000 	/System/Library/PrivateFrameworks/SecCodeWrapper.framework/Versions/A/SecCodeWrapper
0x00000000031e2000 	/System/Library/Frameworks/DirectoryService.framework/Versions/A/DirectoryService
0x00000000031e2000 	/System/Library/PrivateFrameworks/LoginUIKit.framework/Versions/A/Frameworks/LoginUICore.framework/Versions/A/LoginUICore
0x00000000031e2000 	/usr/lib/libodfde.dylib
0x000000012007f000 	/Users/Joe/Desktop/BlueJ 3.1.6/BlueJ.app/Contents/Frameworks/jdk.framework/Versions/A/Contents/Home/jre/lib/libfontmanager.dylib
0x00000001200eb000 	/Users/Joe/Desktop/BlueJ 3.1.6/BlueJ.app/Contents/Frameworks/jdk.framework/Versions/A/Contents/Home/jre/lib/libosxui.dylib
0x00000000031e2000 	/System/Library/Frameworks/OpenGL.framework/Versions/A/Resources/GLEngine.bundle/GLEngine
0x00000000031e2000 	/System/Library/Frameworks/OpenGL.framework/Versions/A/Libraries/libGLProgrammability.dylib
0x0000000120c4b000 	/System/Library/Extensions/AppleIntelBDWGraphicsGLDriver.bundle/Contents/MacOS/AppleIntelBDWGraphicsGLDriver
0x00000000031e2000 	/System/Library/PrivateFrameworks/GPUSupport.framework/Versions/A/Libraries/libGPUSupportMercury.dylib
0x00000000031e2000 	/System/Library/Frameworks/OpenGL.framework/Versions/A/Resources/GLRendererFloat.bundle/GLRendererFloat
0x00000001236c4000 	/System/Library/Extensions/AppleIntelBDWGraphicsMTLDriver.bundle/Contents/MacOS/AppleIntelBDWGraphicsMTLDriver
0x0000000123fec000 	/Users/Joe/Desktop/BlueJ 3.1.6/BlueJ.app/Contents/Frameworks/jdk.framework/Versions/A/Contents/Home/jre/lib/libnet.dylib
0x0000000124003000 	/Users/Joe/Desktop/BlueJ 3.1.6/BlueJ.app/Contents/Frameworks/jdk.framework/Versions/A/Contents/Home/jre/lib/libnio.dylib
0x00000000031e2000 	/System/Library/Frameworks/ApplicationServices.framework/Versions/A/Frameworks/ATS.framework/Versions/A/Resources/libTrueTypeScaler.dylib

VM Arguments:
jvm_args: -ea -Djavafx.macosx.embedded=true -agentlib:jdwp=transport=dt_socket,address=127.0.0.1:58848 -Dfile.encoding=UTF-8 
java_command: bluej.runtime.ExecServer UTF-8
java_class_path (initial): /Users/Joe/Desktop/BlueJ 3.1.6/BlueJ.app/Contents/Resources/Java/bluejcore.jar:/Users/Joe/Desktop/BlueJ 3.1.6/BlueJ.app/Contents/Resources/Java/junit-4.8.2.jar:/Users/Joe/Downloads/acm.jar:/Users/Joe/Desktop/BlueJ 3.1.6/BlueJ.app/Contents/Resources/Java/userlib/pi4j-core.jar:/Users/Joe/Desktop/BlueJ 3.1.6/BlueJ.app/Contents/Resources/Java/userlib/pi4j-device.jar:/Users/Joe/Desktop/BlueJ 3.1.6/BlueJ.app/Contents/Resources/Java/userlib/pi4j-gpio-extension.jar:/Users/Joe/Desktop/BlueJ 3.1.6/BlueJ.app/Contents/Resources/Java/userlib/pi4j-service.jar
Launcher Type: SUN_STANDARD

Environment Variables:
PATH=/usr/bin:/bin:/usr/sbin:/sbin
SHELL=/bin/bash
DISPLAY=/private/tmp/com.apple.launchd.3Eahe4JJnB/org.macosforge.xquartz:0

Signal Handlers:
SIGSEGV: [libjvm.dylib+0x5a65d5], sa_mask[0]=11111111011111110111111111111111, sa_flags=SA_ONSTACK|SA_RESTART|SA_SIGINFO
SIGBUS: [libjvm.dylib+0x5a65d5], sa_mask[0]=11111111011111110111111111111111, sa_flags=SA_RESTART|SA_SIGINFO
SIGFPE: [libjvm.dylib+0x4802e8], sa_mask[0]=11111111011111110111111111111111, sa_flags=SA_RESTART|SA_SIGINFO
SIGPIPE: [libjvm.dylib+0x4802e8], sa_mask[0]=11111111011111110111111111111111, sa_flags=SA_RESTART|SA_SIGINFO
SIGXFSZ: [libjvm.dylib+0x4802e8], sa_mask[0]=11111111011111110111111111111111, sa_flags=SA_RESTART|SA_SIGINFO
SIGILL: [libjvm.dylib+0x4802e8], sa_mask[0]=11111111011111110111111111111111, sa_flags=SA_RESTART|SA_SIGINFO
SIGUSR1: SIG_DFL, sa_mask[0]=00000000000000000000000000000000, sa_flags=none
SIGUSR2: [libjvm.dylib+0x47fe06], sa_mask[0]=00100000000000000000000000000000, sa_flags=SA_RESTART|SA_SIGINFO
SIGHUP: [libjvm.dylib+0x47e3dd], sa_mask[0]=11111111011111110111111111111111, sa_flags=SA_RESTART|SA_SIGINFO
SIGINT: [libjvm.dylib+0x47e3dd], sa_mask[0]=11111111011111110111111111111111, sa_flags=SA_RESTART|SA_SIGINFO
SIGTERM: [libjvm.dylib+0x47e3dd], sa_mask[0]=11111111011111110111111111111111, sa_flags=SA_RESTART|SA_SIGINFO
SIGQUIT: [libjvm.dylib+0x47e3dd], sa_mask[0]=11111111011111110111111111111111, sa_flags=SA_RESTART|SA_SIGINFO


---------------  S Y S T E M  ---------------

OS:Bsduname:Darwin 15.6.0 Darwin Kernel Version 15.6.0: Sun Jun  4 21:43:07 PDT 2017; root:xnu-3248.70.3~1/RELEASE_X86_64 x86_64
rlimit: STACK 8192k, CORE 0k, NPROC 709, NOFILE 10240, AS infinity
load average:1.67 1.60 1.47

CPU:total 4 (2 cores per cpu, 2 threads per core) family 6 model 61 stepping 4, cmov, cx8, fxsr, mmx, sse, sse2, sse3, ssse3, sse4.1, sse4.2, popcnt, avx, avx2, aes, clmul, erms, 3dnowpref, lzcnt, ht, tsc, tscinvbit, bmi1, bmi2, adx

Memory: 4k page, physical 8388608k(751212k free)

/proc/meminfo:


vm_info: Java HotSpot(TM) 64-Bit Server VM (25.66-b17) for bsd-amd64 JRE (1.8.0_66-b17), built on Oct  6 2015 16:09:13 by "java_re" with gcc 4.2.1 (Based on Apple Inc. build 5658) (LLVM build 2336.11.00)

time: Sat Oct 28 20:38:44 2017
elapsed time: 44371 seconds (0d 12h 19m 31s)

